Service: [redis]
Time: [Sun 2026-07-12 19:48:55 +07]
Pid: [55580]
State: [FAILED]
Service: [redis]
Time: [Sun 2026-07-12 19:49:00 +07]
Pid: [55580]
State: [FAILED]
Service: [redis]
Time: [Sun 2026-07-12 19:49:00 +07]
Pid: [55580]
State: [FAILED]
Service: [redis]
Time: [Sun 2026-07-12 19:49:05 +07]
Pid: [55580]
State: [FAILED]
Service: [redis]
Time: [Sun 2026-07-12 19:49:05 +07]
Pid: [55580]
State: [FAILED]
Service: [redis]
Time: [Sun 2026-07-12 19:49:10 +07]
Pid: [55580]
State: [FAILED]
Service: [redis]
Time: [Sun 2026-07-12 19:49:10 +07]
Pid: [55580]
State: [FAILED]
Service: [redis]
Time: [Sun 2026-07-12 19:49:15 +07]
Pid: [55580]
State: [FAILED]
Service: [redis]
Time: [Sun 2026-07-12 19:49:15 +07]
Pid: [55580]
State: [FAILED]
Service: [redis]
Time: [Sun 2026-07-12 19:49:20 +07]
Pid: [55580]
State: [FAILED]
Service: [redis]
Time: [Sun 2026-07-12 19:49:20 +07]
Pid: [55580]
State: [FAILED]
Service: [redis]
Time: [Sun 2026-07-12 19:49:25 +07]
Pid: [55580]
State: [FAILED]
Service: [redis]
Time: [Sun 2026-07-12 19:49:25 +07]
Pid: [55580]
State: [FAILED]
Service: [redis]
Time: [Sun 2026-07-12 19:49:30 +07]
Pid: [55580]
State: [FAILED]
Service: [redis]
Time: [Sun 2026-07-12 19:49:30 +07]
Pid: [55580]
State: [FAILED]
Service: [redis]
Time: [Sun 2026-07-12 19:49:35 +07]
Pid: [55580]
State: [FAILED]
Service: [redis]
Time: [Sun 2026-07-12 19:49:35 +07]
Pid: [55580]
State: [FAILED]
Service: [redis]
Time: [Sun 2026-07-12 19:49:40 +07]
Pid: [55580]
State: [FAILED]
Service: [redis]
Time: [Sun 2026-07-12 19:49:40 +07]
Pid: [55580]
State: [FAILED]
Service: [redis]
Time: [Sun 2026-07-12 19:49:45 +07]
Pid: [55580]
State: [FAILED]
Service: [redis]
Time: [Sun 2026-07-12 19:49:45 +07]
Pid: [55580]
State: [FAILED]
Service: [redis]
Time: [Sun 2026-07-12 19:49:50 +07]
Pid: [55580]
State: [FAILED]
Service: [redis]
Time: [Sun 2026-07-12 19:49:50 +07]
Pid: [55580]
State: [FAILED]
Service: [redis]
Time: [Sun 2026-07-12 19:49:55 +07]
Pid: [55580]
State: [FAILED]
Service: [redis]
Time: [Sun 2026-07-12 19:49:55 +07]
Pid: [55580]
State: [FAILED]
Service: [redis]
Time: [Sun 2026-07-12 19:50:00 +07]
Pid: [55580]
State: [FAILED]
Service: [redis]
Time: [Sun 2026-07-12 19:50:00 +07]
Pid: [55580]
State: [FAILED]
Service: [redis]
Time: [Sun 2026-07-12 19:50:05 +07]
Pid: [55580]
State: [FAILED]
Service: [redis]
Time: [Sun 2026-07-12 19:50:05 +07]
Pid: [55580]
State: [FAILED]
Service: [redis]
Time: [Sun 2026-07-12 19:50:10 +07]
Pid: [55580]
State: [FAILED]
Service: [redis]
Time: [Sun 2026-07-12 19:50:10 +07]
Pid: [55580]
State: [FAILED]
Service: [redis]
Time: [Sun 2026-07-12 19:53:56 +07]
Pid: [56433]
State: [RUNNING]
Service: [redis]
Time: [Sun 2026-07-12 19:54:01 +07]
Pid: [56433]
State: [RUNNING]
Service: [redis]
Time: [Sun 2026-07-12 19:54:01 +07]
Pid: [56433]
State: [RUNNING]
Service: [redis]
Time: [Sun 2026-07-12 19:54:06 +07]
Pid: [56433]
State: [RUNNING]
Service: [redis]
Time: [Sun 2026-07-12 19:54:06 +07]
Pid: [56433]
State: [RUNNING]
Service: [redis]
Time: [Sun 2026-07-12 19:54:11 +07]
Pid: [56433]
State: [RUNNING]
Service: [redis]
Time: [Sun 2026-07-12 19:54:11 +07]
Pid: [56433]
State: [RUNNING]
