Service: [redis]
Time: [Thu 2026-07-16 15:29:46 +07]
Pid: [28032]
State: [FAILED]
Service: [redis]
Time: [Thu 2026-07-16 15:29:51 +07]
Pid: [28032]
State: [FAILED]
Service: [redis]
Time: [Thu 2026-07-16 15:29:56 +07]
Pid: [28081]
State: [FAILED]
Service: [redis]
Time: [Thu 2026-07-16 15:29:56 +07]
Pid: [28032]
State: [FAILED]
Service: [redis]
Time: [Thu 2026-07-16 15:30:01 +07]
Pid: [28081]
State: [FAILED]
Service: [redis]
Time: [Thu 2026-07-16 15:30:01 +07]
Pid: [28032]
State: [FAILED]
Service: [redis]
Time: [Thu 2026-07-16 15:30:06 +07]
Pid: [28081]
State: [FAILED]
Service: [redis]
Time: [Thu 2026-07-16 15:30:06 +07]
Pid: [28032]
State: [FAILED]
Service: [redis]
Time: [Thu 2026-07-16 15:30:11 +07]
Pid: [28081]
State: [FAILED]
Service: [redis]
Time: [Thu 2026-07-16 15:30:11 +07]
Pid: [28032]
State: [FAILED]
Service: [redis]
Time: [Thu 2026-07-16 15:30:17 +07]
Pid: [28081]
State: [FAILED]
Service: [redis]
Time: [Thu 2026-07-16 15:30:22 +07]
Pid: [28081]
State: [FAILED]
Service: [redis]
Time: [Thu 2026-07-16 15:43:42 +07]
Pid: [30586]
State: [FAILED]
Service: [redis]
Time: [Thu 2026-07-16 15:43:47 +07]
Pid: [30586]
State: [FAILED]
Service: [redis]
Time: [Thu 2026-07-16 15:43:52 +07]
Pid: [30586]
State: [FAILED]
Service: [redis]
Time: [Thu 2026-07-16 15:43:57 +07]
Pid: [30586]
State: [FAILED]
Service: [redis]
Time: [Thu 2026-07-16 15:44:02 +07]
Pid: [30586]
State: [FAILED]
Service: [redis]
Time: [Thu 2026-07-16 15:44:08 +07]
Pid: [30586]
State: [FAILED]
Service: [redis]
Time: [Thu 2026-07-16 15:44:13 +07]
Pid: [30586]
State: [FAILED]
Service: [redis]
Time: [Thu 2026-07-16 15:44:18 +07]
Pid: [30586]
State: [FAILED]
Service: [redis]
Time: [Thu 2026-07-16 15:44:23 +07]
Pid: [30586]
State: [FAILED]
Service: [redis]
Time: [Thu 2026-07-16 15:44:28 +07]
Pid: [30586]
State: [FAILED]
Service: [redis]
Time: [Thu 2026-07-16 15:44:33 +07]
Pid: [30586]
State: [FAILED]
Service: [redis]
Time: [Thu 2026-07-16 15:44:38 +07]
Pid: [30586]
State: [FAILED]
Service: [redis]
Time: [Thu 2026-07-16 15:44:44 +07]
Pid: [30586]
State: [FAILED]
Service: []
Time: [Thu 2026-07-16 17:13:39 +07]
Pid: [4]
State: [FAILED]
